Analysis & Synthesis report for TennisCounter_Demo
Tue Jun 21 10:07:09 2022
Quartus Prime Version 20.1.1 Build 720 11/11/2020 SJ Lite Edition


---------------------
; Table of Contents ;
---------------------
  1. Legal Notice
  2. Analysis & Synthesis Summary
  3. Analysis & Synthesis Settings
  4. Parallel Compilation
  5. Analysis & Synthesis Source Files Read
  6. Analysis & Synthesis Resource Usage Summary
  7. Analysis & Synthesis Resource Utilization by Entity
  8. State Machine - |TennisCounter_Demo|MatchFSM:s_match_fsm|PS
  9. State Machine - |TennisCounter_Demo|SetFSM:s_set_fsm_b|PS
 10. State Machine - |TennisCounter_Demo|SetFSM:s_set_fsm_a|PS
 11. State Machine - |TennisCounter_Demo|NormalGameFSM:s_normal_fsm|PS
 12. User-Specified and Inferred Latches
 13. General Register Statistics
 14. Multiplexer Restructuring Statistics (Restructuring Performed)
 15. Parameter Settings for User Entity Instance: DebounceUnit:s_debounceunit_a
 16. Parameter Settings for User Entity Instance: DebounceUnit:s_debounceunit_b
 17. Parameter Settings for User Entity Instance: DebounceUnit:s_debounceunit_reset
 18. Parameter Settings for User Entity Instance: DebounceUnit:s_debounceunit_aS
 19. Parameter Settings for User Entity Instance: DebounceUnit:s_debounceunit_bS
 20. Port Connectivity Checks: "SetFSM:s_set_fsm_b"
 21. Port Connectivity Checks: "SetFSM:s_set_fsm_a"
 22. Post-Synthesis Netlist Statistics for Top Partition
 23. Elapsed Time Per Partition
 24. Analysis & Synthesis Messages



----------------
; Legal Notice ;
----------------
Copyright (C) 2020  Intel Corporation. All rights reserved.
Your use of Intel Corporation's design tools, logic functions 
and other software and tools, and any partner logic 
functions, and any output files from any of the foregoing 
(including device programming or simulation files), and any 
associated documentation or information are expressly subject 
to the terms and conditions of the Intel Program License 
Subscription Agreement, the Intel Quartus Prime License Agreement,
the Intel FPGA IP License Agreement, or other applicable license
agreement, including, without limitation, that your use is for
the sole purpose of programming logic devices manufactured by
Intel and sold by Intel or its authorized distributors.  Please
refer to the applicable agreement for further details, at
https://fpgasoftware.intel.com/eula.



+----------------------------------------------------------------------------------+
; Analysis & Synthesis Summary                                                     ;
+------------------------------------+---------------------------------------------+
; Analysis & Synthesis Status        ; Successful - Tue Jun 21 10:07:09 2022       ;
; Quartus Prime Version              ; 20.1.1 Build 720 11/11/2020 SJ Lite Edition ;
; Revision Name                      ; TennisCounter_Demo                          ;
; Top-level Entity Name              ; TennisCounter_Demo                          ;
; Family                             ; Cyclone IV E                                ;
; Total logic elements               ; 540                                         ;
;     Total combinational functions  ; 535                                         ;
;     Dedicated logic registers      ; 186                                         ;
; Total registers                    ; 186                                         ;
; Total pins                         ; 72                                          ;
; Total virtual pins                 ; 0                                           ;
; Total memory bits                  ; 0                                           ;
; Embedded Multiplier 9-bit elements ; 0                                           ;
; Total PLLs                         ; 0                                           ;
+------------------------------------+---------------------------------------------+


+------------------------------------------------------------------------------------------------------------+
; Analysis & Synthesis Settings                                                                              ;
+------------------------------------------------------------------+--------------------+--------------------+
; Option                                                           ; Setting            ; Default Value      ;
+------------------------------------------------------------------+--------------------+--------------------+
; Device                                                           ; EP4CE115F29C7      ;                    ;
; Top-level entity name                                            ; TennisCounter_Demo ; TennisCounter_Demo ;
; Family name                                                      ; Cyclone IV E       ; Cyclone V          ;
; Use smart compilation                                            ; Off                ; Off                ;
; Enable parallel Assembler and Timing Analyzer during compilation ; On                 ; On                 ;
; Enable compact report table                                      ; Off                ; Off                ;
; Restructure Multiplexers                                         ; Auto               ; Auto               ;
; Create Debugging Nodes for IP Cores                              ; Off                ; Off                ;
; Preserve fewer node names                                        ; On                 ; On                 ;
; Intel FPGA IP Evaluation Mode                                    ; Enable             ; Enable             ;
; Verilog Version                                                  ; Verilog_2001       ; Verilog_2001       ;
; VHDL Version                                                     ; VHDL_1993          ; VHDL_1993          ;
; State Machine Processing                                         ; Auto               ; Auto               ;
; Safe State Machine                                               ; Off                ; Off                ;
; Extract Verilog State Machines                                   ; On                 ; On                 ;
; Extract VHDL State Machines                                      ; On                 ; On                 ;
; Ignore Verilog initial constructs                                ; Off                ; Off                ;
; Iteration limit for constant Verilog loops                       ; 5000               ; 5000               ;
; Iteration limit for non-constant Verilog loops                   ; 250                ; 250                ;
; Add Pass-Through Logic to Inferred RAMs                          ; On                 ; On                 ;
; Infer RAMs from Raw Logic                                        ; On                 ; On                 ;
; Parallel Synthesis                                               ; On                 ; On                 ;
; DSP Block Balancing                                              ; Auto               ; Auto               ;
; NOT Gate Push-Back                                               ; On                 ; On                 ;
; Power-Up Don't Care                                              ; On                 ; On                 ;
; Remove Redundant Logic Cells                                     ; Off                ; Off                ;
; Remove Duplicate Registers                                       ; On                 ; On                 ;
; Ignore CARRY Buffers                                             ; Off                ; Off                ;
; Ignore CASCADE Buffers                                           ; Off                ; Off                ;
; Ignore GLOBAL Buffers                                            ; Off                ; Off                ;
; Ignore ROW GLOBAL Buffers                                        ; Off                ; Off                ;
; Ignore LCELL Buffers                                             ; Off                ; Off                ;
; Ignore SOFT Buffers                                              ; On                 ; On                 ;
; Limit AHDL Integers to 32 Bits                                   ; Off                ; Off                ;
; Optimization Technique                                           ; Balanced           ; Balanced           ;
; Carry Chain Length                                               ; 70                 ; 70                 ;
; Auto Carry Chains                                                ; On                 ; On                 ;
; Auto Open-Drain Pins                                             ; On                 ; On                 ;
; Perform WYSIWYG Primitive Resynthesis                            ; Off                ; Off                ;
; Auto ROM Replacement                                             ; On                 ; On                 ;
; Auto RAM Replacement                                             ; On                 ; On                 ;
; Auto DSP Block Replacement                                       ; On                 ; On                 ;
; Auto Shift Register Replacement                                  ; Auto               ; Auto               ;
; Allow Shift Register Merging across Hierarchies                  ; Auto               ; Auto               ;
; Auto Clock Enable Replacement                                    ; On                 ; On                 ;
; Strict RAM Replacement                                           ; Off                ; Off                ;
; Allow Synchronous Control Signals                                ; On                 ; On                 ;
; Force Use of Synchronous Clear Signals                           ; Off                ; Off                ;
; Auto RAM Block Balancing                                         ; On                 ; On                 ;
; Auto RAM to Logic Cell Conversion                                ; Off                ; Off                ;
; Auto Resource Sharing                                            ; Off                ; Off                ;
; Allow Any RAM Size For Recognition                               ; Off                ; Off                ;
; Allow Any ROM Size For Recognition                               ; Off                ; Off                ;
; Allow Any Shift Register Size For Recognition                    ; Off                ; Off                ;
; Use LogicLock Constraints during Resource Balancing              ; On                 ; On                 ;
; Ignore translate_off and synthesis_off directives                ; Off                ; Off                ;
; Timing-Driven Synthesis                                          ; On                 ; On                 ;
; Report Parameter Settings                                        ; On                 ; On                 ;
; Report Source Assignments                                        ; On                 ; On                 ;
; Report Connectivity Checks                                       ; On                 ; On                 ;
; Ignore Maximum Fan-Out Assignments                               ; Off                ; Off                ;
; Synchronization Register Chain Length                            ; 2                  ; 2                  ;
; Power Optimization During Synthesis                              ; Normal compilation ; Normal compilation ;
; HDL message level                                                ; Level2             ; Level2             ;
; Suppress Register Optimization Related Messages                  ; Off                ; Off                ;
; Number of Removed Registers Reported in Synthesis Report         ; 5000               ; 5000               ;
; Number of Swept Nodes Reported in Synthesis Report               ; 5000               ; 5000               ;
; Number of Inverted Registers Reported in Synthesis Report        ; 100                ; 100                ;
; Clock MUX Protection                                             ; On                 ; On                 ;
; Auto Gated Clock Conversion                                      ; Off                ; Off                ;
; Block Design Naming                                              ; Auto               ; Auto               ;
; SDC constraint protection                                        ; Off                ; Off                ;
; Synthesis Effort                                                 ; Auto               ; Auto               ;
; Shift Register Replacement - Allow Asynchronous Clear Signal     ; On                 ; On                 ;
; Pre-Mapping Resynthesis Optimization                             ; Off                ; Off                ;
; Analysis & Synthesis Message Level                               ; Medium             ; Medium             ;
; Disable Register Merging Across Hierarchies                      ; Auto               ; Auto               ;
; Resource Aware Inference For Block RAM                           ; On                 ; On                 ;
+------------------------------------------------------------------+--------------------+--------------------+


+------------------------------------------+
; Parallel Compilation                     ;
+----------------------------+-------------+
; Processors                 ; Number      ;
+----------------------------+-------------+
; Number detected on machine ; 8           ;
; Maximum allowed            ; 4           ;
;                            ;             ;
; Average used               ; 1.00        ;
; Maximum used               ; 4           ;
;                            ;             ;
; Usage by Processor         ; % Time Used ;
;     Processor 1            ; 100.0%      ;
;     Processor 2            ;   0.0%      ;
;     Processors 3-4         ;   0.0%      ;
+----------------------------+-------------+


+-------------------------------------------------------------------------------------------------------------------------------------------------+
; Analysis & Synthesis Source Files Read                                                                                                          ;
+----------------------------------+-----------------+-----------------+----------------------------------------------------------------+---------+
; File Name with User-Entered Path ; Used in Netlist ; File Type       ; File Name with Absolute Path                                   ; Library ;
+----------------------------------+-----------------+-----------------+----------------------------------------------------------------+---------+
; NormalGameFSM.vhd                ; yes             ; User VHDL File  ; C:/Users/joaog/LSD/ProjetoFinal/Projeto/NormalGameFSM.vhd      ;         ;
; TennisCounter_Demo.vhd           ; yes             ; User VHDL File  ; C:/Users/joaog/LSD/ProjetoFinal/Projeto/TennisCounter_Demo.vhd ;         ;
; DebounceUnit.vhd                 ; yes             ; User VHDL File  ; C:/Users/joaog/LSD/ProjetoFinal/Projeto/DebounceUnit.vhd       ;         ;
; SetFSM.vhd                       ; yes             ; User VHDL File  ; C:/Users/joaog/LSD/ProjetoFinal/Projeto/SetFSM.vhd             ;         ;
; MatchFSM.vhd                     ; yes             ; User VHDL File  ; C:/Users/joaog/LSD/ProjetoFinal/Projeto/MatchFSM.vhd           ;         ;
+----------------------------------+-----------------+-----------------+----------------------------------------------------------------+---------+


+--------------------------------------------------------------+
; Analysis & Synthesis Resource Usage Summary                  ;
+---------------------------------------------+----------------+
; Resource                                    ; Usage          ;
+---------------------------------------------+----------------+
; Estimated Total logic elements              ; 540            ;
;                                             ;                ;
; Total combinational functions               ; 535            ;
; Logic element usage by number of LUT inputs ;                ;
;     -- 4 input functions                    ; 223            ;
;     -- 3 input functions                    ; 105            ;
;     -- <=2 input functions                  ; 207            ;
;                                             ;                ;
; Logic elements by mode                      ;                ;
;     -- normal mode                          ; 420            ;
;     -- arithmetic mode                      ; 115            ;
;                                             ;                ;
; Total registers                             ; 186            ;
;     -- Dedicated logic registers            ; 186            ;
;     -- I/O registers                        ; 0              ;
;                                             ;                ;
; I/O pins                                    ; 72             ;
;                                             ;                ;
; Embedded Multiplier 9-bit elements          ; 0              ;
;                                             ;                ;
; Maximum fan-out node                        ; CLOCK_50~input ;
; Maximum fan-out                             ; 186            ;
; Total fan-out                               ; 2244           ;
; Average fan-out                             ; 2.59           ;
+---------------------------------------------+----------------+


+---------------------------------------------------------------------------------------------------------------------------------------------------------------------------------------------------------------------------------------------------------------+
; Analysis & Synthesis Resource Utilization by Entity                                                                                                                                                                                                           ;
+----------------------------------------+---------------------+---------------------------+-------------+--------------+---------+-----------+------+--------------+-------------------------------------------------------+--------------------+--------------+
; Compilation Hierarchy Node             ; Combinational ALUTs ; Dedicated Logic Registers ; Memory Bits ; DSP Elements ; DSP 9x9 ; DSP 18x18 ; Pins ; Virtual Pins ; Full Hierarchy Name                                   ; Entity Name        ; Library Name ;
+----------------------------------------+---------------------+---------------------------+-------------+--------------+---------+-----------+------+--------------+-------------------------------------------------------+--------------------+--------------+
; |TennisCounter_Demo                    ; 535 (2)             ; 186 (0)                   ; 0           ; 0            ; 0       ; 0         ; 72   ; 0            ; |TennisCounter_Demo                                   ; TennisCounter_Demo ; work         ;
;    |DebounceUnit:s_debounceunit_aS|    ; 67 (67)             ; 26 (26)                   ; 0           ; 0            ; 0       ; 0         ; 0    ; 0            ; |TennisCounter_Demo|DebounceUnit:s_debounceunit_aS    ; DebounceUnit       ; work         ;
;    |DebounceUnit:s_debounceunit_a|     ; 68 (68)             ; 26 (26)                   ; 0           ; 0            ; 0       ; 0         ; 0    ; 0            ; |TennisCounter_Demo|DebounceUnit:s_debounceunit_a     ; DebounceUnit       ; work         ;
;    |DebounceUnit:s_debounceunit_bS|    ; 67 (67)             ; 26 (26)                   ; 0           ; 0            ; 0       ; 0         ; 0    ; 0            ; |TennisCounter_Demo|DebounceUnit:s_debounceunit_bS    ; DebounceUnit       ; work         ;
;    |DebounceUnit:s_debounceunit_b|     ; 68 (68)             ; 26 (26)                   ; 0           ; 0            ; 0       ; 0         ; 0    ; 0            ; |TennisCounter_Demo|DebounceUnit:s_debounceunit_b     ; DebounceUnit       ; work         ;
;    |DebounceUnit:s_debounceunit_reset| ; 79 (79)             ; 31 (31)                   ; 0           ; 0            ; 0       ; 0         ; 0    ; 0            ; |TennisCounter_Demo|DebounceUnit:s_debounceunit_reset ; DebounceUnit       ; work         ;
;    |MatchFSM:s_match_fsm|              ; 23 (23)             ; 11 (11)                   ; 0           ; 0            ; 0       ; 0         ; 0    ; 0            ; |TennisCounter_Demo|MatchFSM:s_match_fsm              ; MatchFSM           ; work         ;
;    |NormalGameFSM:s_normal_fsm|        ; 52 (52)             ; 20 (20)                   ; 0           ; 0            ; 0       ; 0         ; 0    ; 0            ; |TennisCounter_Demo|NormalGameFSM:s_normal_fsm        ; NormalGameFSM      ; work         ;
;    |SetFSM:s_set_fsm_a|                ; 55 (55)             ; 10 (10)                   ; 0           ; 0            ; 0       ; 0         ; 0    ; 0            ; |TennisCounter_Demo|SetFSM:s_set_fsm_a                ; SetFSM             ; work         ;
;    |SetFSM:s_set_fsm_b|                ; 54 (54)             ; 10 (10)                   ; 0           ; 0            ; 0       ; 0         ; 0    ; 0            ; |TennisCounter_Demo|SetFSM:s_set_fsm_b                ; SetFSM             ; work         ;
+----------------------------------------+---------------------+---------------------------+-------------+--------------+---------+-----------+------+--------------+-------------------------------------------------------+--------------------+--------------+
Note: For table entries with two numbers listed, the numbers in parentheses indicate the number of resources of the given type used by the specific entity alone. The numbers listed outside of parentheses indicate the total resources of the given type used by the specific entity and all of its sub-entities in the hierarchy.


Encoding Type:  One-Hot
+-------------------------------------------------------------------------------------------------------------------+
; State Machine - |TennisCounter_Demo|MatchFSM:s_match_fsm|PS                                                       ;
+---------+-------+-------+---------+---------+---------+---------+---------+---------+---------+---------+---------+
; Name    ; PS.GB ; PS.GA ; PS.A2B2 ; PS.A2B1 ; PS.A2B0 ; PS.A1B2 ; PS.A1B1 ; PS.A1B0 ; PS.A0B2 ; PS.A0B1 ; PS.A0B0 ;
+---------+-------+-------+---------+---------+---------+---------+---------+---------+---------+---------+---------+
; PS.A0B0 ; 0     ; 0     ; 0       ; 0       ; 0       ; 0       ; 0       ; 0       ; 0       ; 0       ; 0       ;
; PS.A0B1 ; 0     ; 0     ; 0       ; 0       ; 0       ; 0       ; 0       ; 0       ; 0       ; 1       ; 1       ;
; PS.A0B2 ; 0     ; 0     ; 0       ; 0       ; 0       ; 0       ; 0       ; 0       ; 1       ; 0       ; 1       ;
; PS.A1B0 ; 0     ; 0     ; 0       ; 0       ; 0       ; 0       ; 0       ; 1       ; 0       ; 0       ; 1       ;
; PS.A1B1 ; 0     ; 0     ; 0       ; 0       ; 0       ; 0       ; 1       ; 0       ; 0       ; 0       ; 1       ;
; PS.A1B2 ; 0     ; 0     ; 0       ; 0       ; 0       ; 1       ; 0       ; 0       ; 0       ; 0       ; 1       ;
; PS.A2B0 ; 0     ; 0     ; 0       ; 0       ; 1       ; 0       ; 0       ; 0       ; 0       ; 0       ; 1       ;
; PS.A2B1 ; 0     ; 0     ; 0       ; 1       ; 0       ; 0       ; 0       ; 0       ; 0       ; 0       ; 1       ;
; PS.A2B2 ; 0     ; 0     ; 1       ; 0       ; 0       ; 0       ; 0       ; 0       ; 0       ; 0       ; 1       ;
; PS.GA   ; 0     ; 1     ; 0       ; 0       ; 0       ; 0       ; 0       ; 0       ; 0       ; 0       ; 1       ;
; PS.GB   ; 1     ; 0     ; 0       ; 0       ; 0       ; 0       ; 0       ; 0       ; 0       ; 0       ; 1       ;
+---------+-------+-------+---------+---------+---------+---------+---------+---------+---------+---------+---------+


Encoding Type:  One-Hot
+---------------------------------------------------------------+
; State Machine - |TennisCounter_Demo|SetFSM:s_set_fsm_b|PS     ;
+-------+-------+-------+-------+-------+-------+-------+-------+
; Name  ; PS.G6 ; PS.G5 ; PS.G4 ; PS.G3 ; PS.G2 ; PS.G1 ; PS.G0 ;
+-------+-------+-------+-------+-------+-------+-------+-------+
; PS.G0 ; 0     ; 0     ; 0     ; 0     ; 0     ; 0     ; 0     ;
; PS.G1 ; 0     ; 0     ; 0     ; 0     ; 0     ; 1     ; 1     ;
; PS.G2 ; 0     ; 0     ; 0     ; 0     ; 1     ; 0     ; 1     ;
; PS.G3 ; 0     ; 0     ; 0     ; 1     ; 0     ; 0     ; 1     ;
; PS.G4 ; 0     ; 0     ; 1     ; 0     ; 0     ; 0     ; 1     ;
; PS.G5 ; 0     ; 1     ; 0     ; 0     ; 0     ; 0     ; 1     ;
; PS.G6 ; 1     ; 0     ; 0     ; 0     ; 0     ; 0     ; 1     ;
+-------+-------+-------+-------+-------+-------+-------+-------+


Encoding Type:  One-Hot
+---------------------------------------------------------------+
; State Machine - |TennisCounter_Demo|SetFSM:s_set_fsm_a|PS     ;
+-------+-------+-------+-------+-------+-------+-------+-------+
; Name  ; PS.G6 ; PS.G5 ; PS.G4 ; PS.G3 ; PS.G2 ; PS.G1 ; PS.G0 ;
+-------+-------+-------+-------+-------+-------+-------+-------+
; PS.G0 ; 0     ; 0     ; 0     ; 0     ; 0     ; 0     ; 0     ;
; PS.G1 ; 0     ; 0     ; 0     ; 0     ; 0     ; 1     ; 1     ;
; PS.G2 ; 0     ; 0     ; 0     ; 0     ; 1     ; 0     ; 1     ;
; PS.G3 ; 0     ; 0     ; 0     ; 1     ; 0     ; 0     ; 1     ;
; PS.G4 ; 0     ; 0     ; 1     ; 0     ; 0     ; 0     ; 1     ;
; PS.G5 ; 0     ; 1     ; 0     ; 0     ; 0     ; 0     ; 1     ;
; PS.G6 ; 1     ; 0     ; 0     ; 0     ; 0     ; 0     ; 1     ;
+-------+-------+-------+-------+-------+-------+-------+-------+


Encoding Type:  One-Hot
+-------------------------------------------------------------------------------------------------------------------------------------------------------------------------------------------------------------+
; State Machine - |TennisCounter_Demo|NormalGameFSM:s_normal_fsm|PS                                                                                                                                           ;
+---------+---------+---------+-------+-------+---------+---------+---------+---------+---------+---------+---------+---------+---------+---------+---------+---------+---------+---------+---------+---------+
; Name    ; PS.A3Bd ; PS.AdB3 ; PS.PB ; PS.PA ; PS.A3B3 ; PS.A3B2 ; PS.A3B1 ; PS.A3B0 ; PS.A2B3 ; PS.A2B2 ; PS.A2B1 ; PS.A2B0 ; PS.A1B3 ; PS.A1B2 ; PS.A1B1 ; PS.A1B0 ; PS.A0B3 ; PS.A0B2 ; PS.A0B1 ; PS.A0B0 ;
+---------+---------+---------+-------+-------+---------+---------+---------+---------+---------+---------+---------+---------+---------+---------+---------+---------+---------+---------+---------+---------+
; PS.A0B0 ; 0       ; 0       ; 0     ; 0     ; 0       ; 0       ; 0       ; 0       ; 0       ; 0       ; 0       ; 0       ; 0       ; 0       ; 0       ; 0       ; 0       ; 0       ; 0       ; 0       ;
; PS.A0B1 ; 0       ; 0       ; 0     ; 0     ; 0       ; 0       ; 0       ; 0       ; 0       ; 0       ; 0       ; 0       ; 0       ; 0       ; 0       ; 0       ; 0       ; 0       ; 1       ; 1       ;
; PS.A0B2 ; 0       ; 0       ; 0     ; 0     ; 0       ; 0       ; 0       ; 0       ; 0       ; 0       ; 0       ; 0       ; 0       ; 0       ; 0       ; 0       ; 0       ; 1       ; 0       ; 1       ;
; PS.A0B3 ; 0       ; 0       ; 0     ; 0     ; 0       ; 0       ; 0       ; 0       ; 0       ; 0       ; 0       ; 0       ; 0       ; 0       ; 0       ; 0       ; 1       ; 0       ; 0       ; 1       ;
; PS.A1B0 ; 0       ; 0       ; 0     ; 0     ; 0       ; 0       ; 0       ; 0       ; 0       ; 0       ; 0       ; 0       ; 0       ; 0       ; 0       ; 1       ; 0       ; 0       ; 0       ; 1       ;
; PS.A1B1 ; 0       ; 0       ; 0     ; 0     ; 0       ; 0       ; 0       ; 0       ; 0       ; 0       ; 0       ; 0       ; 0       ; 0       ; 1       ; 0       ; 0       ; 0       ; 0       ; 1       ;
; PS.A1B2 ; 0       ; 0       ; 0     ; 0     ; 0       ; 0       ; 0       ; 0       ; 0       ; 0       ; 0       ; 0       ; 0       ; 1       ; 0       ; 0       ; 0       ; 0       ; 0       ; 1       ;
; PS.A1B3 ; 0       ; 0       ; 0     ; 0     ; 0       ; 0       ; 0       ; 0       ; 0       ; 0       ; 0       ; 0       ; 1       ; 0       ; 0       ; 0       ; 0       ; 0       ; 0       ; 1       ;
; PS.A2B0 ; 0       ; 0       ; 0     ; 0     ; 0       ; 0       ; 0       ; 0       ; 0       ; 0       ; 0       ; 1       ; 0       ; 0       ; 0       ; 0       ; 0       ; 0       ; 0       ; 1       ;
; PS.A2B1 ; 0       ; 0       ; 0     ; 0     ; 0       ; 0       ; 0       ; 0       ; 0       ; 0       ; 1       ; 0       ; 0       ; 0       ; 0       ; 0       ; 0       ; 0       ; 0       ; 1       ;
; PS.A2B2 ; 0       ; 0       ; 0     ; 0     ; 0       ; 0       ; 0       ; 0       ; 0       ; 1       ; 0       ; 0       ; 0       ; 0       ; 0       ; 0       ; 0       ; 0       ; 0       ; 1       ;
; PS.A2B3 ; 0       ; 0       ; 0     ; 0     ; 0       ; 0       ; 0       ; 0       ; 1       ; 0       ; 0       ; 0       ; 0       ; 0       ; 0       ; 0       ; 0       ; 0       ; 0       ; 1       ;
; PS.A3B0 ; 0       ; 0       ; 0     ; 0     ; 0       ; 0       ; 0       ; 1       ; 0       ; 0       ; 0       ; 0       ; 0       ; 0       ; 0       ; 0       ; 0       ; 0       ; 0       ; 1       ;
; PS.A3B1 ; 0       ; 0       ; 0     ; 0     ; 0       ; 0       ; 1       ; 0       ; 0       ; 0       ; 0       ; 0       ; 0       ; 0       ; 0       ; 0       ; 0       ; 0       ; 0       ; 1       ;
; PS.A3B2 ; 0       ; 0       ; 0     ; 0     ; 0       ; 1       ; 0       ; 0       ; 0       ; 0       ; 0       ; 0       ; 0       ; 0       ; 0       ; 0       ; 0       ; 0       ; 0       ; 1       ;
; PS.A3B3 ; 0       ; 0       ; 0     ; 0     ; 1       ; 0       ; 0       ; 0       ; 0       ; 0       ; 0       ; 0       ; 0       ; 0       ; 0       ; 0       ; 0       ; 0       ; 0       ; 1       ;
; PS.PA   ; 0       ; 0       ; 0     ; 1     ; 0       ; 0       ; 0       ; 0       ; 0       ; 0       ; 0       ; 0       ; 0       ; 0       ; 0       ; 0       ; 0       ; 0       ; 0       ; 1       ;
; PS.PB   ; 0       ; 0       ; 1     ; 0     ; 0       ; 0       ; 0       ; 0       ; 0       ; 0       ; 0       ; 0       ; 0       ; 0       ; 0       ; 0       ; 0       ; 0       ; 0       ; 1       ;
; PS.AdB3 ; 0       ; 1       ; 0     ; 0     ; 0       ; 0       ; 0       ; 0       ; 0       ; 0       ; 0       ; 0       ; 0       ; 0       ; 0       ; 0       ; 0       ; 0       ; 0       ; 1       ;
; PS.A3Bd ; 1       ; 0       ; 0     ; 0     ; 0       ; 0       ; 0       ; 0       ; 0       ; 0       ; 0       ; 0       ; 0       ; 0       ; 0       ; 0       ; 0       ; 0       ; 0       ; 1       ;
+---------+---------+---------+-------+-------+---------+---------+---------+---------+---------+---------+---------+---------+---------+---------+---------+---------+---------+---------+---------+---------+


+--------------------------------------------------------------------------------------------------------------+
; User-Specified and Inferred Latches                                                                          ;
+-----------------------------------------------------+-------------------------------+------------------------+
; Latch Name                                          ; Latch Enable Signal           ; Free of Timing Hazards ;
+-----------------------------------------------------+-------------------------------+------------------------+
; SetFSM:s_set_fsm_a|displayG[0]                      ; SetFSM:s_set_fsm_a|Selector19 ; yes                    ;
; SetFSM:s_set_fsm_a|displayG[1]                      ; SetFSM:s_set_fsm_a|Selector19 ; yes                    ;
; SetFSM:s_set_fsm_a|displayG[2]                      ; SetFSM:s_set_fsm_a|Selector19 ; yes                    ;
; SetFSM:s_set_fsm_a|displayG[3]                      ; SetFSM:s_set_fsm_a|Selector19 ; yes                    ;
; SetFSM:s_set_fsm_a|displayG[4]                      ; SetFSM:s_set_fsm_a|Selector19 ; yes                    ;
; SetFSM:s_set_fsm_a|displayG[5]                      ; SetFSM:s_set_fsm_a|Selector19 ; yes                    ;
; SetFSM:s_set_fsm_a|displayG[6]                      ; SetFSM:s_set_fsm_a|Selector19 ; yes                    ;
; SetFSM:s_set_fsm_b|displayG[0]                      ; SetFSM:s_set_fsm_b|Selector19 ; yes                    ;
; SetFSM:s_set_fsm_b|displayG[1]                      ; SetFSM:s_set_fsm_b|Selector19 ; yes                    ;
; SetFSM:s_set_fsm_b|displayG[2]                      ; SetFSM:s_set_fsm_b|Selector19 ; yes                    ;
; SetFSM:s_set_fsm_b|displayG[3]                      ; SetFSM:s_set_fsm_b|Selector19 ; yes                    ;
; SetFSM:s_set_fsm_b|displayG[4]                      ; SetFSM:s_set_fsm_b|Selector19 ; yes                    ;
; SetFSM:s_set_fsm_b|displayG[5]                      ; SetFSM:s_set_fsm_b|Selector19 ; yes                    ;
; SetFSM:s_set_fsm_b|displayG[6]                      ; SetFSM:s_set_fsm_b|Selector19 ; yes                    ;
; SetFSM:s_set_fsm_a|seisD                            ; SetFSM:s_set_fsm_a|Selector1  ; yes                    ;
; SetFSM:s_set_fsm_b|seisD                            ; SetFSM:s_set_fsm_b|Selector1  ; yes                    ;
; SetFSM:s_set_fsm_a|seteD                            ; SetFSM:s_set_fsm_a|Selector3  ; yes                    ;
; SetFSM:s_set_fsm_b|seteD                            ; SetFSM:s_set_fsm_b|Selector3  ; yes                    ;
; Number of user-specified and inferred latches = 18  ;                               ;                        ;
+-----------------------------------------------------+-------------------------------+------------------------+
Note: All latches listed above may not be present at the end of synthesis due to various synthesis optimizations.


+------------------------------------------------------+
; General Register Statistics                          ;
+----------------------------------------------+-------+
; Statistic                                    ; Value ;
+----------------------------------------------+-------+
; Total registers                              ; 186   ;
; Number of registers using Synchronous Clear  ; 19    ;
; Number of registers using Synchronous Load   ; 0     ;
; Number of registers using Asynchronous Clear ; 0     ;
; Number of registers using Asynchronous Load  ; 0     ;
; Number of registers using Clock Enable       ; 118   ;
; Number of registers using Preset             ; 0     ;
+----------------------------------------------+-------+


+---------------------------------------------------------------------------------------------------------------------------------------------------------------------------------------+
; Multiplexer Restructuring Statistics (Restructuring Performed)                                                                                                                        ;
+--------------------+-----------+---------------+----------------------+------------------------+------------+-------------------------------------------------------------------------+
; Multiplexer Inputs ; Bus Width ; Baseline Area ; Area if Restructured ; Saving if Restructured ; Registered ; Example Multiplexer Output                                              ;
+--------------------+-----------+---------------+----------------------+------------------------+------------+-------------------------------------------------------------------------+
; 3:1                ; 3 bits    ; 6 LEs         ; 3 LEs                ; 3 LEs                  ; Yes        ; |TennisCounter_Demo|SetFSM:s_set_fsm_a|s_cntValue[0]                    ;
; 3:1                ; 3 bits    ; 6 LEs         ; 3 LEs                ; 3 LEs                  ; Yes        ; |TennisCounter_Demo|SetFSM:s_set_fsm_b|s_cntValue[1]                    ;
; 5:1                ; 23 bits   ; 69 LEs        ; 46 LEs               ; 23 LEs                 ; Yes        ; |TennisCounter_Demo|DebounceUnit:s_debounceunit_aS|s_debounceCnt[9]     ;
; 5:1                ; 23 bits   ; 69 LEs        ; 46 LEs               ; 23 LEs                 ; Yes        ; |TennisCounter_Demo|DebounceUnit:s_debounceunit_bS|s_debounceCnt[8]     ;
; 5:1                ; 28 bits   ; 84 LEs        ; 56 LEs               ; 28 LEs                 ; Yes        ; |TennisCounter_Demo|DebounceUnit:s_debounceunit_reset|s_debounceCnt[26] ;
; 5:1                ; 23 bits   ; 69 LEs        ; 46 LEs               ; 23 LEs                 ; Yes        ; |TennisCounter_Demo|DebounceUnit:s_debounceunit_b|s_debounceCnt[2]      ;
; 5:1                ; 23 bits   ; 69 LEs        ; 46 LEs               ; 23 LEs                 ; Yes        ; |TennisCounter_Demo|DebounceUnit:s_debounceunit_a|s_debounceCnt[3]      ;
; 3:1                ; 7 bits    ; 14 LEs        ; 14 LEs               ; 0 LEs                  ; No         ; |TennisCounter_Demo|SetFSM:s_set_fsm_a|PS                               ;
; 3:1                ; 7 bits    ; 14 LEs        ; 14 LEs               ; 0 LEs                  ; No         ; |TennisCounter_Demo|SetFSM:s_set_fsm_b|PS                               ;
; 3:1                ; 11 bits   ; 22 LEs        ; 22 LEs               ; 0 LEs                  ; No         ; |TennisCounter_Demo|NormalGameFSM:s_normal_fsm|PS                       ;
; 7:1                ; 2 bits    ; 8 LEs         ; 8 LEs                ; 0 LEs                  ; No         ; |TennisCounter_Demo|SetFSM:s_set_fsm_b|Selector6                        ;
; 7:1                ; 2 bits    ; 8 LEs         ; 8 LEs                ; 0 LEs                  ; No         ; |TennisCounter_Demo|SetFSM:s_set_fsm_a|Selector5                        ;
+--------------------+-----------+---------------+----------------------+------------------------+------------+-------------------------------------------------------------------------+


+----------------------------------------------------------------------------+
; Parameter Settings for User Entity Instance: DebounceUnit:s_debounceunit_a ;
+----------------+-------+---------------------------------------------------+
; Parameter Name ; Value ; Type                                              ;
+----------------+-------+---------------------------------------------------+
; khzclkfreq     ; 50000 ; Signed Integer                                    ;
; msecmininwidth ; 100   ; Signed Integer                                    ;
; inpolarity     ; '0'   ; Enumerated                                        ;
; outpolarity    ; '0'   ; Enumerated                                        ;
+----------------+-------+---------------------------------------------------+
Note: In order to hide this table in the UI and the text report file, please set the "Show Parameter Settings in Synthesis Report" option in "Analysis and Synthesis Settings -> More Settings" to "Off".


+----------------------------------------------------------------------------+
; Parameter Settings for User Entity Instance: DebounceUnit:s_debounceunit_b ;
+----------------+-------+---------------------------------------------------+
; Parameter Name ; Value ; Type                                              ;
+----------------+-------+---------------------------------------------------+
; khzclkfreq     ; 50000 ; Signed Integer                                    ;
; msecmininwidth ; 100   ; Signed Integer                                    ;
; inpolarity     ; '0'   ; Enumerated                                        ;
; outpolarity    ; '0'   ; Enumerated                                        ;
+----------------+-------+---------------------------------------------------+
Note: In order to hide this table in the UI and the text report file, please set the "Show Parameter Settings in Synthesis Report" option in "Analysis and Synthesis Settings -> More Settings" to "Off".


+--------------------------------------------------------------------------------+
; Parameter Settings for User Entity Instance: DebounceUnit:s_debounceunit_reset ;
+----------------+-------+-------------------------------------------------------+
; Parameter Name ; Value ; Type                                                  ;
+----------------+-------+-------------------------------------------------------+
; khzclkfreq     ; 50000 ; Signed Integer                                        ;
; msecmininwidth ; 3000  ; Signed Integer                                        ;
; inpolarity     ; '0'   ; Enumerated                                            ;
; outpolarity    ; '0'   ; Enumerated                                            ;
+----------------+-------+-------------------------------------------------------+
Note: In order to hide this table in the UI and the text report file, please set the "Show Parameter Settings in Synthesis Report" option in "Analysis and Synthesis Settings -> More Settings" to "Off".


+-----------------------------------------------------------------------------+
; Parameter Settings for User Entity Instance: DebounceUnit:s_debounceunit_aS ;
+----------------+-------+----------------------------------------------------+
; Parameter Name ; Value ; Type                                               ;
+----------------+-------+----------------------------------------------------+
; khzclkfreq     ; 50000 ; Signed Integer                                     ;
; msecmininwidth ; 100   ; Signed Integer                                     ;
; inpolarity     ; '0'   ; Enumerated                                         ;
; outpolarity    ; '1'   ; Enumerated                                         ;
+----------------+-------+----------------------------------------------------+
Note: In order to hide this table in the UI and the text report file, please set the "Show Parameter Settings in Synthesis Report" option in "Analysis and Synthesis Settings -> More Settings" to "Off".


+-----------------------------------------------------------------------------+
; Parameter Settings for User Entity Instance: DebounceUnit:s_debounceunit_bS ;
+----------------+-------+----------------------------------------------------+
; Parameter Name ; Value ; Type                                               ;
+----------------+-------+----------------------------------------------------+
; khzclkfreq     ; 50000 ; Signed Integer                                     ;
; msecmininwidth ; 100   ; Signed Integer                                     ;
; inpolarity     ; '0'   ; Enumerated                                         ;
; outpolarity    ; '1'   ; Enumerated                                         ;
+----------------+-------+----------------------------------------------------+
Note: In order to hide this table in the UI and the text report file, please set the "Show Parameter Settings in Synthesis Report" option in "Analysis and Synthesis Settings -> More Settings" to "Off".


+-------------------------------------------------------------------------------------------------------------------+
; Port Connectivity Checks: "SetFSM:s_set_fsm_b"                                                                    ;
+---------+--------+----------+-------------------------------------------------------------------------------------+
; Port    ; Type   ; Severity ; Details                                                                             ;
+---------+--------+----------+-------------------------------------------------------------------------------------+
; quatrod ; Output ; Info     ; Connected to dangling logic. Logic that only feeds a dangling port will be removed. ;
+---------+--------+----------+-------------------------------------------------------------------------------------+


+-------------------------------------------------------------------------------------------------------------------+
; Port Connectivity Checks: "SetFSM:s_set_fsm_a"                                                                    ;
+---------+--------+----------+-------------------------------------------------------------------------------------+
; Port    ; Type   ; Severity ; Details                                                                             ;
+---------+--------+----------+-------------------------------------------------------------------------------------+
; quatrod ; Output ; Info     ; Connected to dangling logic. Logic that only feeds a dangling port will be removed. ;
+---------+--------+----------+-------------------------------------------------------------------------------------+


+-----------------------------------------------------+
; Post-Synthesis Netlist Statistics for Top Partition ;
+-----------------------+-----------------------------+
; Type                  ; Count                       ;
+-----------------------+-----------------------------+
; boundary_port         ; 72                          ;
; cycloneiii_ff         ; 186                         ;
;     ENA               ; 109                         ;
;     ENA SCLR          ; 9                           ;
;     SCLR              ; 10                          ;
;     plain             ; 58                          ;
; cycloneiii_lcell_comb ; 547                         ;
;     arith             ; 115                         ;
;         2 data inputs ; 115                         ;
;     normal            ; 432                         ;
;         0 data inputs ; 1                           ;
;         1 data inputs ; 19                          ;
;         2 data inputs ; 84                          ;
;         3 data inputs ; 105                         ;
;         4 data inputs ; 223                         ;
;                       ;                             ;
; Max LUT depth         ; 8.00                        ;
; Average LUT depth     ; 4.17                        ;
+-----------------------+-----------------------------+


+-------------------------------+
; Elapsed Time Per Partition    ;
+----------------+--------------+
; Partition Name ; Elapsed Time ;
+----------------+--------------+
; Top            ; 00:00:01     ;
+----------------+--------------+


+-------------------------------+
; Analysis & Synthesis Messages ;
+-------------------------------+
Info: *******************************************************************
Info: Running Quartus Prime Analysis & Synthesis
    Info: Version 20.1.1 Build 720 11/11/2020 SJ Lite Edition
    Info: Processing started: Tue Jun 21 10:07:00 2022
Info: Command: quartus_map --read_settings_files=on --write_settings_files=off TennisCounter_Demo -c TennisCounter_Demo
Warning (18236): Number of processors has not been specified which may cause overloading on shared machines.  Set the global assignment NUM_PARALLEL_PROCESSORS in your QSF to an appropriate value for best performance.
Info (20030): Parallel compilation is enabled and will use 4 of the 4 processors detected
Info (12021): Found 2 design units, including 1 entities, in source file normalgamefsm.vhd
    Info (12022): Found design unit 1: NormalGameFSM-Behav File: C:/Users/joaog/LSD/ProjetoFinal/Projeto/NormalGameFSM.vhd Line: 16
    Info (12023): Found entity 1: NormalGameFSM File: C:/Users/joaog/LSD/ProjetoFinal/Projeto/NormalGameFSM.vhd Line: 4
Info (12021): Found 2 design units, including 1 entities, in source file clkdividern.vhd
    Info (12022): Found design unit 1: ClkDividerN-Behavioral File: C:/Users/joaog/LSD/ProjetoFinal/Projeto/ClkDividerN.vhd Line: 11
    Info (12023): Found entity 1: ClkDividerN File: C:/Users/joaog/LSD/ProjetoFinal/Projeto/ClkDividerN.vhd Line: 5
Info (12021): Found 2 design units, including 1 entities, in source file tenniscounter_demo.vhd
    Info (12022): Found design unit 1: TennisCounter_Demo-Structural File: C:/Users/joaog/LSD/ProjetoFinal/Projeto/TennisCounter_Demo.vhd Line: 17
    Info (12023): Found entity 1: TennisCounter_Demo File: C:/Users/joaog/LSD/ProjetoFinal/Projeto/TennisCounter_Demo.vhd Line: 4
Info (12021): Found 2 design units, including 1 entities, in source file debounceunit.vhd
    Info (12022): Found design unit 1: DebounceUnit-Behavioral File: C:/Users/joaog/LSD/ProjetoFinal/Projeto/DebounceUnit.vhd Line: 15
    Info (12023): Found entity 1: DebounceUnit File: C:/Users/joaog/LSD/ProjetoFinal/Projeto/DebounceUnit.vhd Line: 5
Info (12021): Found 2 design units, including 1 entities, in source file setfsm.vhd
    Info (12022): Found design unit 1: SetFSM-Behav File: C:/Users/joaog/LSD/ProjetoFinal/Projeto/SetFSM.vhd Line: 14
    Info (12023): Found entity 1: SetFSM File: C:/Users/joaog/LSD/ProjetoFinal/Projeto/SetFSM.vhd Line: 5
Info (12021): Found 2 design units, including 1 entities, in source file matchfsm.vhd
    Info (12022): Found design unit 1: MatchFSM-Behav File: C:/Users/joaog/LSD/ProjetoFinal/Projeto/MatchFSM.vhd Line: 13
    Info (12023): Found entity 1: MatchFSM File: C:/Users/joaog/LSD/ProjetoFinal/Projeto/MatchFSM.vhd Line: 4
Info (12021): Found 2 design units, including 1 entities, in source file tiebreakgamefsm.vhd
    Info (12022): Found design unit 1: TieBreakGameFSM-Behav File: C:/Users/joaog/LSD/ProjetoFinal/Projeto/TieBreakGameFSM.vhd Line: 16
    Info (12023): Found entity 1: TieBreakGameFSM File: C:/Users/joaog/LSD/ProjetoFinal/Projeto/TieBreakGameFSM.vhd Line: 4
Info (12021): Found 2 design units, including 1 entities, in source file hexdecider.vhd
    Info (12022): Found design unit 1: HexDecider-Behav File: C:/Users/joaog/LSD/ProjetoFinal/Projeto/HexDecider.vhd Line: 11
    Info (12023): Found entity 1: HexDecider File: C:/Users/joaog/LSD/ProjetoFinal/Projeto/HexDecider.vhd Line: 4
Info (12021): Found 2 design units, including 1 entities, in source file servicefsm.vhd
    Info (12022): Found design unit 1: ServiceFSM-Behav File: C:/Users/joaog/LSD/ProjetoFinal/Projeto/ServiceFSM.vhd Line: 12
    Info (12023): Found entity 1: ServiceFSM File: C:/Users/joaog/LSD/ProjetoFinal/Projeto/ServiceFSM.vhd Line: 4
Info (12021): Found 2 design units, including 1 entities, in source file normalgamefsm_tb.vhd
    Info (12022): Found design unit 1: NormalGameFSM_Tb-Stimulus File: C:/Users/joaog/LSD/ProjetoFinal/Projeto/NormalGameFSM_Tb.vhd Line: 7
    Info (12023): Found entity 1: NormalGameFSM_Tb File: C:/Users/joaog/LSD/ProjetoFinal/Projeto/NormalGameFSM_Tb.vhd Line: 4
Info (12021): Found 2 design units, including 1 entities, in source file setfsm_tb.vhd
    Info (12022): Found design unit 1: SetFSM_Tb-Stimulus File: C:/Users/joaog/LSD/ProjetoFinal/Projeto/SetFSM_Tb.vhd Line: 7
    Info (12023): Found entity 1: SetFSM_Tb File: C:/Users/joaog/LSD/ProjetoFinal/Projeto/SetFSM_Tb.vhd Line: 4
Info (12021): Found 2 design units, including 1 entities, in source file matchfsm_tb.vhd
    Info (12022): Found design unit 1: MatchFSM_Tb-Stimulus File: C:/Users/joaog/LSD/ProjetoFinal/Projeto/MatchFSM_Tb.vhd Line: 7
    Info (12023): Found entity 1: MatchFSM_Tb File: C:/Users/joaog/LSD/ProjetoFinal/Projeto/MatchFSM_Tb.vhd Line: 4
Info (12127): Elaborating entity "TennisCounter_Demo" for the top level hierarchy
Warning (10036): Verilog HDL or VHDL warning at TennisCounter_Demo.vhd(19): object "s_quatroD_a" assigned a value but never read File: C:/Users/joaog/LSD/ProjetoFinal/Projeto/TennisCounter_Demo.vhd Line: 19
Warning (10036): Verilog HDL or VHDL warning at TennisCounter_Demo.vhd(19): object "s_quatroD_b" assigned a value but never read File: C:/Users/joaog/LSD/ProjetoFinal/Projeto/TennisCounter_Demo.vhd Line: 19
Warning (10492): VHDL Process Statement warning at TennisCounter_Demo.vhd(131): signal "s_seteD_a" is read inside the Process Statement but isn't in the Process Statement's sensitivity list File: C:/Users/joaog/LSD/ProjetoFinal/Projeto/TennisCounter_Demo.vhd Line: 131
Warning (10492): VHDL Process Statement warning at TennisCounter_Demo.vhd(131): signal "s_seteD_b" is read inside the Process Statement but isn't in the Process Statement's sensitivity list File: C:/Users/joaog/LSD/ProjetoFinal/Projeto/TennisCounter_Demo.vhd Line: 131
Warning (10492): VHDL Process Statement warning at TennisCounter_Demo.vhd(131): signal "s_reset" is read inside the Process Statement but isn't in the Process Statement's sensitivity list File: C:/Users/joaog/LSD/ProjetoFinal/Projeto/TennisCounter_Demo.vhd Line: 131
Warning (10873): Using initial value X (don't care) for net "LEDR[17..2]" at TennisCounter_Demo.vhd(13) File: C:/Users/joaog/LSD/ProjetoFinal/Projeto/TennisCounter_Demo.vhd Line: 13
Warning (10873): Using initial value X (don't care) for net "LEDG[3]" at TennisCounter_Demo.vhd(14) File: C:/Users/joaog/LSD/ProjetoFinal/Projeto/TennisCounter_Demo.vhd Line: 14
Info (12129): Elaborating entity "DebounceUnit" using architecture "A:behavioral" for hierarchy "DebounceUnit:s_debounceunit_a" File: C:/Users/joaog/LSD/ProjetoFinal/Projeto/TennisCounter_Demo.vhd Line: 27
Info (12129): Elaborating entity "DebounceUnit" using architecture "A:behavioral" for hierarchy "DebounceUnit:s_debounceunit_reset" File: C:/Users/joaog/LSD/ProjetoFinal/Projeto/TennisCounter_Demo.vhd Line: 46
Info (12129): Elaborating entity "NormalGameFSM" using architecture "A:behav" for hierarchy "NormalGameFSM:s_normal_fsm" File: C:/Users/joaog/LSD/ProjetoFinal/Projeto/TennisCounter_Demo.vhd Line: 56
Info (12129): Elaborating entity "SetFSM" using architecture "A:behav" for hierarchy "SetFSM:s_set_fsm_a" File: C:/Users/joaog/LSD/ProjetoFinal/Projeto/TennisCounter_Demo.vhd Line: 68
Warning (10541): VHDL Signal Declaration warning at SetFSM.vhd(9): used implicit default value for signal "quatroD" because signal was never assigned a value or an explicit default value. Use of implicit default value may introduce unintended design optimizations. File: C:/Users/joaog/LSD/ProjetoFinal/Projeto/SetFSM.vhd Line: 9
Warning (10631): VHDL Process Statement warning at SetFSM.vhd(41): inferring latch(es) for signal or variable "displayG", which holds its previous value in one or more paths through the process File: C:/Users/joaog/LSD/ProjetoFinal/Projeto/SetFSM.vhd Line: 41
Warning (10631): VHDL Process Statement warning at SetFSM.vhd(41): inferring latch(es) for signal or variable "seisD", which holds its previous value in one or more paths through the process File: C:/Users/joaog/LSD/ProjetoFinal/Projeto/SetFSM.vhd Line: 41
Warning (10631): VHDL Process Statement warning at SetFSM.vhd(41): inferring latch(es) for signal or variable "seteD", which holds its previous value in one or more paths through the process File: C:/Users/joaog/LSD/ProjetoFinal/Projeto/SetFSM.vhd Line: 41
Info (10041): Inferred latch for "seteD" at SetFSM.vhd(41) File: C:/Users/joaog/LSD/ProjetoFinal/Projeto/SetFSM.vhd Line: 41
Info (10041): Inferred latch for "seisD" at SetFSM.vhd(41) File: C:/Users/joaog/LSD/ProjetoFinal/Projeto/SetFSM.vhd Line: 41
Info (10041): Inferred latch for "displayG[0]" at SetFSM.vhd(41) File: C:/Users/joaog/LSD/ProjetoFinal/Projeto/SetFSM.vhd Line: 41
Info (10041): Inferred latch for "displayG[1]" at SetFSM.vhd(41) File: C:/Users/joaog/LSD/ProjetoFinal/Projeto/SetFSM.vhd Line: 41
Info (10041): Inferred latch for "displayG[2]" at SetFSM.vhd(41) File: C:/Users/joaog/LSD/ProjetoFinal/Projeto/SetFSM.vhd Line: 41
Info (10041): Inferred latch for "displayG[3]" at SetFSM.vhd(41) File: C:/Users/joaog/LSD/ProjetoFinal/Projeto/SetFSM.vhd Line: 41
Info (10041): Inferred latch for "displayG[4]" at SetFSM.vhd(41) File: C:/Users/joaog/LSD/ProjetoFinal/Projeto/SetFSM.vhd Line: 41
Info (10041): Inferred latch for "displayG[5]" at SetFSM.vhd(41) File: C:/Users/joaog/LSD/ProjetoFinal/Projeto/SetFSM.vhd Line: 41
Info (10041): Inferred latch for "displayG[6]" at SetFSM.vhd(41) File: C:/Users/joaog/LSD/ProjetoFinal/Projeto/SetFSM.vhd Line: 41
Info (12129): Elaborating entity "DebounceUnit" using architecture "A:behavioral" for hierarchy "DebounceUnit:s_debounceunit_aS" File: C:/Users/joaog/LSD/ProjetoFinal/Projeto/TennisCounter_Demo.vhd Line: 90
Info (12129): Elaborating entity "MatchFSM" using architecture "A:behav" for hierarchy "MatchFSM:s_match_fsm" File: C:/Users/joaog/LSD/ProjetoFinal/Projeto/TennisCounter_Demo.vhd Line: 110
Warning (13012): Latch SetFSM:s_set_fsm_a|displayG[0] has unsafe behavior File: C:/Users/joaog/LSD/ProjetoFinal/Projeto/SetFSM.vhd Line: 41
    Warning (13013): Ports D and ENA on the latch are fed by the same signal SetFSM:s_set_fsm_a|PS.G3 File: C:/Users/joaog/LSD/ProjetoFinal/Projeto/SetFSM.vhd Line: 17
Warning (13012): Latch SetFSM:s_set_fsm_a|displayG[1] has unsafe behavior File: C:/Users/joaog/LSD/ProjetoFinal/Projeto/SetFSM.vhd Line: 41
    Warning (13013): Ports D and ENA on the latch are fed by the same signal SetFSM:s_set_fsm_a|PS.G4 File: C:/Users/joaog/LSD/ProjetoFinal/Projeto/SetFSM.vhd Line: 17
Warning (13012): Latch SetFSM:s_set_fsm_a|displayG[2] has unsafe behavior File: C:/Users/joaog/LSD/ProjetoFinal/Projeto/SetFSM.vhd Line: 41
    Warning (13013): Ports D and ENA on the latch are fed by the same signal SetFSM:s_set_fsm_a|PS.G1 File: C:/Users/joaog/LSD/ProjetoFinal/Projeto/SetFSM.vhd Line: 17
Warning (13012): Latch SetFSM:s_set_fsm_a|displayG[3] has unsafe behavior File: C:/Users/joaog/LSD/ProjetoFinal/Projeto/SetFSM.vhd Line: 41
    Warning (13013): Ports D and ENA on the latch are fed by the same signal SetFSM:s_set_fsm_a|PS.G3 File: C:/Users/joaog/LSD/ProjetoFinal/Projeto/SetFSM.vhd Line: 17
Warning (13012): Latch SetFSM:s_set_fsm_a|displayG[4] has unsafe behavior File: C:/Users/joaog/LSD/ProjetoFinal/Projeto/SetFSM.vhd Line: 41
    Warning (13013): Ports D and ENA on the latch are fed by the same signal SetFSM:s_set_fsm_a|PS.G6 File: C:/Users/joaog/LSD/ProjetoFinal/Projeto/SetFSM.vhd Line: 17
Warning (13012): Latch SetFSM:s_set_fsm_a|displayG[5] has unsafe behavior File: C:/Users/joaog/LSD/ProjetoFinal/Projeto/SetFSM.vhd Line: 41
    Warning (13013): Ports D and ENA on the latch are fed by the same signal SetFSM:s_set_fsm_a|PS.G6 File: C:/Users/joaog/LSD/ProjetoFinal/Projeto/SetFSM.vhd Line: 17
Warning (13012): Latch SetFSM:s_set_fsm_a|displayG[6] has unsafe behavior File: C:/Users/joaog/LSD/ProjetoFinal/Projeto/SetFSM.vhd Line: 41
    Warning (13013): Ports D and ENA on the latch are fed by the same signal SetFSM:s_set_fsm_a|PS.G6 File: C:/Users/joaog/LSD/ProjetoFinal/Projeto/SetFSM.vhd Line: 17
Warning (13012): Latch SetFSM:s_set_fsm_b|displayG[0] has unsafe behavior File: C:/Users/joaog/LSD/ProjetoFinal/Projeto/SetFSM.vhd Line: 41
    Warning (13013): Ports D and ENA on the latch are fed by the same signal SetFSM:s_set_fsm_b|PS.G3 File: C:/Users/joaog/LSD/ProjetoFinal/Projeto/SetFSM.vhd Line: 17
Warning (13012): Latch SetFSM:s_set_fsm_b|displayG[1] has unsafe behavior File: C:/Users/joaog/LSD/ProjetoFinal/Projeto/SetFSM.vhd Line: 41
    Warning (13013): Ports D and ENA on the latch are fed by the same signal SetFSM:s_set_fsm_b|PS.G4 File: C:/Users/joaog/LSD/ProjetoFinal/Projeto/SetFSM.vhd Line: 17
Warning (13012): Latch SetFSM:s_set_fsm_b|displayG[2] has unsafe behavior File: C:/Users/joaog/LSD/ProjetoFinal/Projeto/SetFSM.vhd Line: 41
    Warning (13013): Ports D and ENA on the latch are fed by the same signal SetFSM:s_set_fsm_b|PS.G1 File: C:/Users/joaog/LSD/ProjetoFinal/Projeto/SetFSM.vhd Line: 17
Warning (13012): Latch SetFSM:s_set_fsm_b|displayG[3] has unsafe behavior File: C:/Users/joaog/LSD/ProjetoFinal/Projeto/SetFSM.vhd Line: 41
    Warning (13013): Ports D and ENA on the latch are fed by the same signal SetFSM:s_set_fsm_b|PS.G3 File: C:/Users/joaog/LSD/ProjetoFinal/Projeto/SetFSM.vhd Line: 17
Warning (13012): Latch SetFSM:s_set_fsm_b|displayG[4] has unsafe behavior File: C:/Users/joaog/LSD/ProjetoFinal/Projeto/SetFSM.vhd Line: 41
    Warning (13013): Ports D and ENA on the latch are fed by the same signal SetFSM:s_set_fsm_b|PS.G6 File: C:/Users/joaog/LSD/ProjetoFinal/Projeto/SetFSM.vhd Line: 17
Warning (13012): Latch SetFSM:s_set_fsm_b|displayG[5] has unsafe behavior File: C:/Users/joaog/LSD/ProjetoFinal/Projeto/SetFSM.vhd Line: 41
    Warning (13013): Ports D and ENA on the latch are fed by the same signal SetFSM:s_set_fsm_b|PS.G6 File: C:/Users/joaog/LSD/ProjetoFinal/Projeto/SetFSM.vhd Line: 17
Warning (13012): Latch SetFSM:s_set_fsm_b|displayG[6] has unsafe behavior File: C:/Users/joaog/LSD/ProjetoFinal/Projeto/SetFSM.vhd Line: 41
    Warning (13013): Ports D and ENA on the latch are fed by the same signal SetFSM:s_set_fsm_b|PS.G6 File: C:/Users/joaog/LSD/ProjetoFinal/Projeto/SetFSM.vhd Line: 17
Warning (13012): Latch SetFSM:s_set_fsm_a|seisD has unsafe behavior File: C:/Users/joaog/LSD/ProjetoFinal/Projeto/SetFSM.vhd Line: 9
    Warning (13013): Ports D and ENA on the latch are fed by the same signal SetFSM:s_set_fsm_a|PS.G5 File: C:/Users/joaog/LSD/ProjetoFinal/Projeto/SetFSM.vhd Line: 17
Warning (13012): Latch SetFSM:s_set_fsm_b|seisD has unsafe behavior File: C:/Users/joaog/LSD/ProjetoFinal/Projeto/SetFSM.vhd Line: 9
    Warning (13013): Ports D and ENA on the latch are fed by the same signal SetFSM:s_set_fsm_b|PS.G5 File: C:/Users/joaog/LSD/ProjetoFinal/Projeto/SetFSM.vhd Line: 17
Warning (13012): Latch SetFSM:s_set_fsm_a|seteD has unsafe behavior File: C:/Users/joaog/LSD/ProjetoFinal/Projeto/SetFSM.vhd Line: 9
    Warning (13013): Ports D and ENA on the latch are fed by the same signal SetFSM:s_set_fsm_a|PS.G6 File: C:/Users/joaog/LSD/ProjetoFinal/Projeto/SetFSM.vhd Line: 17
Warning (13012): Latch SetFSM:s_set_fsm_b|seteD has unsafe behavior File: C:/Users/joaog/LSD/ProjetoFinal/Projeto/SetFSM.vhd Line: 9
    Warning (13013): Ports D and ENA on the latch are fed by the same signal SetFSM:s_set_fsm_b|PS.G6 File: C:/Users/joaog/LSD/ProjetoFinal/Projeto/SetFSM.vhd Line: 17
Warning (13024): Output pins are stuck at VCC or GND
    Warning (13410): Pin "LEDR[2]" is stuck at GND File: C:/Users/joaog/LSD/ProjetoFinal/Projeto/TennisCounter_Demo.vhd Line: 13
    Warning (13410): Pin "LEDR[3]" is stuck at GND File: C:/Users/joaog/LSD/ProjetoFinal/Projeto/TennisCounter_Demo.vhd Line: 13
    Warning (13410): Pin "LEDR[4]" is stuck at GND File: C:/Users/joaog/LSD/ProjetoFinal/Projeto/TennisCounter_Demo.vhd Line: 13
    Warning (13410): Pin "LEDR[5]" is stuck at GND File: C:/Users/joaog/LSD/ProjetoFinal/Projeto/TennisCounter_Demo.vhd Line: 13
    Warning (13410): Pin "LEDR[6]" is stuck at GND File: C:/Users/joaog/LSD/ProjetoFinal/Projeto/TennisCounter_Demo.vhd Line: 13
    Warning (13410): Pin "LEDR[7]" is stuck at GND File: C:/Users/joaog/LSD/ProjetoFinal/Projeto/TennisCounter_Demo.vhd Line: 13
    Warning (13410): Pin "LEDR[8]" is stuck at GND File: C:/Users/joaog/LSD/ProjetoFinal/Projeto/TennisCounter_Demo.vhd Line: 13
    Warning (13410): Pin "LEDR[9]" is stuck at GND File: C:/Users/joaog/LSD/ProjetoFinal/Projeto/TennisCounter_Demo.vhd Line: 13
    Warning (13410): Pin "LEDR[10]" is stuck at GND File: C:/Users/joaog/LSD/ProjetoFinal/Projeto/TennisCounter_Demo.vhd Line: 13
    Warning (13410): Pin "LEDR[11]" is stuck at GND File: C:/Users/joaog/LSD/ProjetoFinal/Projeto/TennisCounter_Demo.vhd Line: 13
    Warning (13410): Pin "LEDR[12]" is stuck at GND File: C:/Users/joaog/LSD/ProjetoFinal/Projeto/TennisCounter_Demo.vhd Line: 13
    Warning (13410): Pin "LEDR[13]" is stuck at GND File: C:/Users/joaog/LSD/ProjetoFinal/Projeto/TennisCounter_Demo.vhd Line: 13
    Warning (13410): Pin "LEDR[14]" is stuck at GND File: C:/Users/joaog/LSD/ProjetoFinal/Projeto/TennisCounter_Demo.vhd Line: 13
    Warning (13410): Pin "LEDR[15]" is stuck at GND File: C:/Users/joaog/LSD/ProjetoFinal/Projeto/TennisCounter_Demo.vhd Line: 13
    Warning (13410): Pin "LEDR[16]" is stuck at GND File: C:/Users/joaog/LSD/ProjetoFinal/Projeto/TennisCounter_Demo.vhd Line: 13
    Warning (13410): Pin "LEDR[17]" is stuck at GND File: C:/Users/joaog/LSD/ProjetoFinal/Projeto/TennisCounter_Demo.vhd Line: 13
    Warning (13410): Pin "LEDG[3]" is stuck at GND File: C:/Users/joaog/LSD/ProjetoFinal/Projeto/TennisCounter_Demo.vhd Line: 14
Info (286030): Timing-Driven Synthesis is running
Info (16010): Generating hard_block partition "hard_block:auto_generated_inst"
    Info (16011): Adding 0 node(s), including 0 DDIO, 0 PLL, 0 transceiver and 0 LCELL
Warning (21074): Design contains 1 input pin(s) that do not drive logic
    Warning (15610): No output dependent on input pin "KEY[2]" File: C:/Users/joaog/LSD/ProjetoFinal/Projeto/TennisCounter_Demo.vhd Line: 6
Info (21057): Implemented 612 device resources after synthesis - the final resource count might be different
    Info (21058): Implemented 5 input pins
    Info (21059): Implemented 67 output pins
    Info (21061): Implemented 540 logic cells
Info: Quartus Prime Analysis & Synthesis was successful. 0 errors, 68 warnings
    Info: Peak virtual memory: 4793 megabytes
    Info: Processing ended: Tue Jun 21 10:07:09 2022
    Info: Elapsed time: 00:00:09
    Info: Total CPU time (on all processors): 00:00:21


